# JRE version: OpenJDK Runtime Environment Temurin-21.0.9+10 (21.0.9+10) (build 21.0.9+10-LTS)
# Java VM: OpenJDK 64-Bit Server VM Temurin-21.0.9+10 (21.0.9+10-LTS, mixed mode, sharing, tiered, compressed oops, compressed class ptrs, parallel gc, windows-amd64)
GC Precious Log:
 CardTable entry size: 512
 CPUs: 12 total, 12 available
 Memory: 32506M
 Large Page Support: Disabled
 NUMA Support: Disabled
 Compressed Oops: Enabled (32-bit)
 Alignments: Space 512K, Generation 512K, Heap 2M
 Heap Min Capacity: 100M
 Heap Initial Capacity: 100M
 Heap Max Capacity: 2G
 Pre-touch: Disabled
 Parallel Workers: 10
Heap:
 PSYoungGen      total 15360K, used 3931K [0x00000000d5580000, 0x00000000d6700000, 0x0000000100000000)
  eden space 14848K, 23% used [0x00000000d5580000,0x00000000d58da578,0x00000000d6400000)
  from space 512K, 99% used [0x00000000d6680000,0x00000000d66ffb18,0x00000000d6700000)
  to   space 1536K, 0% used [0x00000000d6400000,0x00000000d6400000,0x00000000d6580000)
 ParOldGen       total 68608K, used 61730K [0x0000000080000000, 0x0000000084300000, 0x00000000d5580000)
  object space 68608K, 89% used [0x0000000080000000,0x0000000083c48ac8,0x0000000084300000)
 Metaspace       used 53899K, committed 55232K, reserved 1114112K
  class space    used 5881K, committed 6464K, reserved 1048576K
GC Heap History (20 events):
Event: 28.218 GC heap before
{Heap before GC invocations=32 (full 2):
 PSYoungGen      total 18432K, used 16000K [0x00000000d5580000, 0x00000000d6a80000, 0x0000000100000000)
  eden space 14848K, 100% used [0x00000000d5580000,0x00000000d6400000,0x00000000d6400000)
  from space 3584K, 32% used [0x00000000d6400000,0x00000000d6520000,0x00000000d6780000)
  to   space 2048K, 0% used [0x00000000d6880000,0x00000000d6880000,0x00000000d6a80000)
 ParOldGen       total 68608K, used 55346K [0x0000000080000000, 0x0000000084300000, 0x00000000d5580000)
  object space 68608K, 80% used [0x0000000080000000,0x000000008360cb80,0x0000000084300000)
 Metaspace       used 50416K, committed 51648K, reserved 1114112K
  class space    used 5549K, committed 6080K, reserved 1048576K
}
Event: 28.220 GC heap after
{Heap after GC invocations=32 (full 2):
 PSYoungGen      total 15872K, used 664K [0x00000000d5580000, 0x00000000d6980000, 0x0000000100000000)
  eden space 14848K, 0% used [0x00000000d5580000,0x00000000d5580000,0x00000000d6400000)
  from space 1024K, 64% used [0x00000000d6880000,0x00000000d69260a0,0x00000000d6980000)
  to   space 1024K, 0% used [0x00000000d6780000,0x00000000d6780000,0x00000000d6880000)
 ParOldGen       total 68608K, used 56295K [0x0000000080000000, 0x0000000084300000, 0x00000000d5580000)
  object space 68608K, 82% used [0x0000000080000000,0x00000000836f9e48,0x0000000084300000)
 Metaspace       used 50416K, committed 51648K, reserved 1114112K
  class space    used 5549K, committed 6080K, reserved 1048576K
}
Event: 30.557 GC heap before
{Heap before GC invocations=33 (full 2):
 PSYoungGen      total 15872K, used 15512K [0x00000000d5580000, 0x00000000d6980000, 0x0000000100000000)
  eden space 14848K, 100% used [0x00000000d5580000,0x00000000d6400000,0x00000000d6400000)
  from space 1024K, 64% used [0x00000000d6880000,0x00000000d69260a0,0x00000000d6980000)
  to   space 1024K, 0% used [0x00000000d6780000,0x00000000d6780000,0x00000000d6880000)
 ParOldGen       total 68608K, used 56295K [0x0000000080000000, 0x0000000084300000, 0x00000000d5580000)
  object space 68608K, 82% used [0x0000000080000000,0x00000000836f9e48,0x0000000084300000)
 Metaspace       used 51216K, committed 52480K, reserved 1114112K
  class space    used 5626K, committed 6144K, reserved 1048576K
}
Event: 30.561 GC heap after
{Heap after GC invocations=33 (full 2):
 PSYoungGen      total 15360K, used 448K [0x00000000d5580000, 0x00000000d6900000, 0x0000000100000000)
  eden space 14848K, 0% used [0x00000000d5580000,0x00000000d5580000,0x00000000d6400000)
  from space 512K, 87% used [0x00000000d6780000,0x00000000d67f0010,0x00000000d6800000)
  to   space 1024K, 0% used [0x00000000d6800000,0x00000000d6800000,0x00000000d6900000)
 ParOldGen       total 68608K, used 56735K [0x0000000080000000, 0x0000000084300000, 0x00000000d5580000)
  object space 68608K, 82% used [0x0000000080000000,0x0000000083767d70,0x0000000084300000)
 Metaspace       used 51216K, committed 52480K, reserved 1114112K
  class space    used 5626K, committed 6144K, reserved 1048576K
}
Event: 30.871 GC heap before
{Heap before GC invocations=34 (full 2):
 PSYoungGen      total 15360K, used 15296K [0x00000000d5580000, 0x00000000d6900000, 0x0000000100000000)
  eden space 14848K, 100% used [0x00000000d5580000,0x00000000d6400000,0x00000000d6400000)
  from space 512K, 87% used [0x00000000d6780000,0x00000000d67f0010,0x00000000d6800000)
  to   space 1024K, 0% used [0x00000000d6800000,0x00000000d6800000,0x00000000d6900000)
 ParOldGen       total 68608K, used 56735K [0x0000000080000000, 0x0000000084300000, 0x00000000d5580000)
  object space 68608K, 82% used [0x0000000080000000,0x0000000083767d70,0x0000000084300000)
 Metaspace       used 52915K, committed 54144K, reserved 1114112K
  class space    used 5795K, committed 6336K, reserved 1048576K
}
Event: 30.872 GC heap after
{Heap after GC invocations=34 (full 2):
 PSYoungGen      total 15360K, used 512K [0x00000000d5580000, 0x00000000d6880000, 0x0000000100000000)
  eden space 14848K, 0% used [0x00000000d5580000,0x00000000d5580000,0x00000000d6400000)
  from space 512K, 100% used [0x00000000d6800000,0x00000000d6880000,0x00000000d6880000)
  to   space 1024K, 0% used [0x00000000d6680000,0x00000000d6680000,0x00000000d6780000)
 ParOldGen       total 68608K, used 56975K [0x0000000080000000, 0x0000000084300000, 0x00000000d5580000)
  object space 68608K, 83% used [0x0000000080000000,0x00000000837a3d70,0x0000000084300000)
 Metaspace       used 52915K, committed 54144K, reserved 1114112K
  class space    used 5795K, committed 6336K, reserved 1048576K
}
Event: 31.033 GC heap before
{Heap before GC invocations=35 (full 2):
 PSYoungGen      total 15360K, used 15360K [0x00000000d5580000, 0x00000000d6880000, 0x0000000100000000)
  eden space 14848K, 100% used [0x00000000d5580000,0x00000000d6400000,0x00000000d6400000)
  from space 512K, 100% used [0x00000000d6800000,0x00000000d6880000,0x00000000d6880000)
  to   space 1024K, 0% used [0x00000000d6680000,0x00000000d6680000,0x00000000d6780000)
 ParOldGen       total 68608K, used 56975K [0x0000000080000000, 0x0000000084300000, 0x00000000d5580000)
  object space 68608K, 83% used [0x0000000080000000,0x00000000837a3d70,0x0000000084300000)
 Metaspace       used 53536K, committed 54848K, reserved 1114112K
  class space    used 5850K, committed 6464K, reserved 1048576K
}
Event: 31.034 GC heap after
{Heap after GC invocations=35 (full 2):
 PSYoungGen      total 15872K, used 565K [0x00000000d5580000, 0x00000000d6880000, 0x0000000100000000)
  eden space 14848K, 0% used [0x00000000d5580000,0x00000000d5580000,0x00000000d6400000)
  from space 1024K, 55% used [0x00000000d6680000,0x00000000d670d7c8,0x00000000d6780000)
  to   space 1024K, 0% used [0x00000000d6780000,0x00000000d6780000,0x00000000d6880000)
 ParOldGen       total 68608K, used 57311K [0x0000000080000000, 0x0000000084300000, 0x00000000d5580000)
  object space 68608K, 83% used [0x0000000080000000,0x00000000837f7f20,0x0000000084300000)
 Metaspace       used 53536K, committed 54848K, reserved 1114112K
  class space    used 5850K, committed 6464K, reserved 1048576K
}
Event: 31.082 GC heap before
{Heap before GC invocations=36 (full 2):
 PSYoungGen      total 15872K, used 15413K [0x00000000d5580000, 0x00000000d6880000, 0x0000000100000000)
  eden space 14848K, 100% used [0x00000000d5580000,0x00000000d6400000,0x00000000d6400000)
  from space 1024K, 55% used [0x00000000d6680000,0x00000000d670d7c8,0x00000000d6780000)
  to   space 1024K, 0% used [0x00000000d6780000,0x00000000d6780000,0x00000000d6880000)
 ParOldGen       total 68608K, used 57311K [0x0000000080000000, 0x0000000084300000, 0x00000000d5580000)
  object space 68608K, 83% used [0x0000000080000000,0x00000000837f7f20,0x0000000084300000)
 Metaspace       used 53543K, committed 54848K, reserved 1114112K
  class space    used 5850K, committed 6464K, reserved 1048576K
}
Event: 31.083 GC heap after
{Heap after GC invocations=36 (full 2):
 PSYoungGen      total 15872K, used 910K [0x00000000d5580000, 0x00000000d6880000, 0x0000000100000000)
  eden space 14848K, 0% used [0x00000000d5580000,0x00000000d5580000,0x00000000d6400000)
  from space 1024K, 88% used [0x00000000d6780000,0x00000000d6863ba8,0x00000000d6880000)
  to   space 1024K, 0% used [0x00000000d6680000,0x00000000d6680000,0x00000000d6780000)
 ParOldGen       total 68608K, used 57647K [0x0000000080000000, 0x0000000084300000, 0x00000000d5580000)
  object space 68608K, 84% used [0x0000000080000000,0x000000008384bf70,0x0000000084300000)
 Metaspace       used 53543K, committed 54848K, reserved 1114112K
  class space    used 5850K, committed 6464K, reserved 1048576K
}
Event: 31.099 GC heap before
{Heap before GC invocations=37 (full 2):
 PSYoungGen      total 15872K, used 15758K [0x00000000d5580000, 0x00000000d6880000, 0x0000000100000000)
  eden space 14848K, 100% used [0x00000000d5580000,0x00000000d6400000,0x00000000d6400000)
  from space 1024K, 88% used [0x00000000d6780000,0x00000000d6863ba8,0x00000000d6880000)
  to   space 1024K, 0% used [0x00000000d6680000,0x00000000d6680000,0x00000000d6780000)
 ParOldGen       total 68608K, used 57647K [0x0000000080000000, 0x0000000084300000, 0x00000000d5580000)
  object space 68608K, 84% used [0x0000000080000000,0x000000008384bf70,0x0000000084300000)
 Metaspace       used 53543K, committed 54848K, reserved 1114112K
  class space    used 5850K, committed 6464K, reserved 1048576K
}
Event: 31.100 GC heap after
{Heap after GC invocations=37 (full 2):
 PSYoungGen      total 15360K, used 352K [0x00000000d5580000, 0x00000000d6800000, 0x0000000100000000)
  eden space 14848K, 0% used [0x00000000d5580000,0x00000000d5580000,0x00000000d6400000)
  from space 512K, 68% used [0x00000000d6680000,0x00000000d66d8000,0x00000000d6700000)
  to   space 1024K, 0% used [0x00000000d6700000,0x00000000d6700000,0x00000000d6800000)
 ParOldGen       total 68608K, used 58406K [0x0000000080000000, 0x0000000084300000, 0x00000000d5580000)
  object space 68608K, 85% used [0x0000000080000000,0x0000000083909b80,0x0000000084300000)
 Metaspace       used 53543K, committed 54848K, reserved 1114112K
  class space    used 5850K, committed 6464K, reserved 1048576K
}
Event: 31.129 GC heap before
{Heap before GC invocations=38 (full 2):
 PSYoungGen      total 15360K, used 15200K [0x00000000d5580000, 0x00000000d6800000, 0x0000000100000000)
  eden space 14848K, 100% used [0x00000000d5580000,0x00000000d6400000,0x00000000d6400000)
  from space 512K, 68% used [0x00000000d6680000,0x00000000d66d8000,0x00000000d6700000)
  to   space 1024K, 0% used [0x00000000d6700000,0x00000000d6700000,0x00000000d6800000)
 ParOldGen       total 68608K, used 58406K [0x0000000080000000, 0x0000000084300000, 0x00000000d5580000)
  object space 68608K, 85% used [0x0000000080000000,0x0000000083909b80,0x0000000084300000)
 Metaspace       used 53558K, committed 54848K, reserved 1114112K
  class space    used 5850K, committed 6464K, reserved 1048576K
}
Event: 31.131 GC heap after
{Heap after GC invocations=38 (full 2):
 PSYoungGen      total 15872K, used 1007K [0x00000000d5580000, 0x00000000d6900000, 0x0000000100000000)
  eden space 14848K, 0% used [0x00000000d5580000,0x00000000d5580000,0x00000000d6400000)
  from space 1024K, 98% used [0x00000000d6700000,0x00000000d67fbc00,0x00000000d6800000)
  to   space 2560K, 0% used [0x00000000d6400000,0x00000000d6400000,0x00000000d6680000)
 ParOldGen       total 68608K, used 59371K [0x0000000080000000, 0x0000000084300000, 0x00000000d5580000)
  object space 68608K, 86% used [0x0000000080000000,0x00000000839fac80,0x0000000084300000)
 Metaspace       used 53558K, committed 54848K, reserved 1114112K
  class space    used 5850K, committed 6464K, reserved 1048576K
}
Event: 31.145 GC heap before
{Heap before GC invocations=39 (full 2):
 PSYoungGen      total 15872K, used 15855K [0x00000000d5580000, 0x00000000d6900000, 0x0000000100000000)
  eden space 14848K, 100% used [0x00000000d5580000,0x00000000d6400000,0x00000000d6400000)
  from space 1024K, 98% used [0x00000000d6700000,0x00000000d67fbc00,0x00000000d6800000)
  to   space 2560K, 0% used [0x00000000d6400000,0x00000000d6400000,0x00000000d6680000)
 ParOldGen       total 68608K, used 59371K [0x0000000080000000, 0x0000000084300000, 0x00000000d5580000)
  object space 68608K, 86% used [0x0000000080000000,0x00000000839fac80,0x0000000084300000)
 Metaspace       used 53558K, committed 54848K, reserved 1114112K
  class space    used 5850K, committed 6464K, reserved 1048576K
}
Event: 31.146 GC heap after
{Heap after GC invocations=39 (full 2):
 PSYoungGen      total 17408K, used 288K [0x00000000d5580000, 0x00000000d6780000, 0x0000000100000000)
  eden space 14848K, 0% used [0x00000000d5580000,0x00000000d5580000,0x00000000d6400000)
  from space 2560K, 11% used [0x00000000d6400000,0x00000000d6448000,0x00000000d6680000)
  to   space 1024K, 0% used [0x00000000d6680000,0x00000000d6680000,0x00000000d6780000)
 ParOldGen       total 68608K, used 60397K [0x0000000080000000, 0x0000000084300000, 0x00000000d5580000)
  object space 68608K, 88% used [0x0000000080000000,0x0000000083afb7f8,0x0000000084300000)
 Metaspace       used 53558K, committed 54848K, reserved 1114112K
  class space    used 5850K, committed 6464K, reserved 1048576K
}
Event: 31.183 GC heap before
{Heap before GC invocations=40 (full 2):
 PSYoungGen      total 17408K, used 15136K [0x00000000d5580000, 0x00000000d6780000, 0x0000000100000000)
  eden space 14848K, 100% used [0x00000000d5580000,0x00000000d6400000,0x00000000d6400000)
  from space 2560K, 11% used [0x00000000d6400000,0x00000000d6448000,0x00000000d6680000)
  to   space 1024K, 0% used [0x00000000d6680000,0x00000000d6680000,0x00000000d6780000)
 ParOldGen       total 68608K, used 60397K [0x0000000080000000, 0x0000000084300000, 0x00000000d5580000)
  object space 68608K, 88% used [0x0000000080000000,0x0000000083afb7f8,0x0000000084300000)
 Metaspace       used 53625K, committed 54912K, reserved 1114112K
  class space    used 5854K, committed 6464K, reserved 1048576K
}
Event: 31.185 GC heap after
{Heap after GC invocations=40 (full 2):
 PSYoungGen      total 15872K, used 640K [0x00000000d5580000, 0x00000000d6780000, 0x0000000100000000)
  eden space 14848K, 0% used [0x00000000d5580000,0x00000000d5580000,0x00000000d6400000)
  from space 1024K, 62% used [0x00000000d6680000,0x00000000d6720000,0x00000000d6780000)
  to   space 1024K, 0% used [0x00000000d6580000,0x00000000d6580000,0x00000000d6680000)
 ParOldGen       total 68608K, used 60621K [0x0000000080000000, 0x0000000084300000, 0x00000000d5580000)
  object space 68608K, 88% used [0x0000000080000000,0x0000000083b337f8,0x0000000084300000)
 Metaspace       used 53625K, committed 54912K, reserved 1114112K
  class space    used 5854K, committed 6464K, reserved 1048576K
}
Event: 32.245 GC heap before
{Heap before GC invocations=41 (full 2):
 PSYoungGen      total 15872K, used 15488K [0x00000000d5580000, 0x00000000d6780000, 0x0000000100000000)
  eden space 14848K, 100% used [0x00000000d5580000,0x00000000d6400000,0x00000000d6400000)
  from space 1024K, 62% used [0x00000000d6680000,0x00000000d6720000,0x00000000d6780000)
  to   space 1024K, 0% used [0x00000000d6580000,0x00000000d6580000,0x00000000d6680000)
 ParOldGen       total 68608K, used 60621K [0x0000000080000000, 0x0000000084300000, 0x00000000d5580000)
  object space 68608K, 88% used [0x0000000080000000,0x0000000083b337f8,0x0000000084300000)
 Metaspace       used 53658K, committed 55040K, reserved 1114112K
  class space    used 5861K, committed 6464K, reserved 1048576K
}
Event: 32.246 GC heap after
{Heap after GC invocations=41 (full 2):
 PSYoungGen      total 15872K, used 394K [0x00000000d5580000, 0x00000000d6700000, 0x0000000100000000)
  eden space 14848K, 0% used [0x00000000d5580000,0x00000000d5580000,0x00000000d6400000)
  from space 1024K, 38% used [0x00000000d6580000,0x00000000d65e28e0,0x00000000d6680000)
  to   space 512K, 0% used [0x00000000d6680000,0x00000000d6680000,0x00000000d6700000)
 ParOldGen       total 68608K, used 61069K [0x0000000080000000, 0x0000000084300000, 0x00000000d5580000)
  object space 68608K, 89% used [0x0000000080000000,0x0000000083ba37f8,0x0000000084300000)
 Metaspace       used 53658K, committed 55040K, reserved 1114112K
  class space    used 5861K, committed 6464K, reserved 1048576K
}

